<?xml version="1.0" encoding="UTF-8"?>
<!-- Generated by org.testng.reporters.JUnitReportReporter -->
<testsuite hostname="MacBook-Pro.local" name="tests.LoginTest" tests="2" failures="0" timestamp="29 Jul 2015 18:49:52 GMT" time="6.073" errors="0">
  <testcase name="VerifyHomePageLoads" time="3.014" classname="tests.LoginTest"/>
  <testcase name="LoginTest" time="3.059" classname="tests.LoginTest"/>
</testsuite> <!-- tests.LoginTest -->
