<?xml version="1.0" encoding="UTF-8"?>
<!-- Generated by org.testng.reporters.JUnitReportReporter -->
<testsuite hostname="MacBook-Pro.local" name="tests.LoginTest" tests="2" failures="0" timestamp="30 Jul 2015 15:14:51 GMT" time="5.887" errors="0">
  <testcase name="VerifyHomePageLoads" time="2.485" classname="tests.LoginTest"/>
  <testcase name="LoginTest" time="3.402" classname="tests.LoginTest"/>
</testsuite> <!-- tests.LoginTest -->
